Running Maven tests
[[1;34mINFO[m] Scanning for projects...
[[1;34mINFO[m] 
[[1;34mINFO[m] [1m-------------------------< [0;36mnet.mooctest:Hotel[0;1m >-------------------------[m
[[1;34mINFO[m] [1mBuilding Hotel 0.0.1-SNAPSHOT[m
[[1;34mINFO[m] [1m--------------------------------[ jar ]---------------------------------[m
[[1;34mINFO[m] 
[[1;34mINFO[m] [1m--- [0;32mmaven-clean-plugin:2.5:clean[m [1m(default-clean)[m @ [36mHotel[0;1m ---[m
[[1;34mINFO[m] Deleting /home/USER2022100821/work/æµ‹è¯•gpt/target
[[1;34mINFO[m] 
[[1;34mINFO[m] [1m--- [0;32mjacoco-maven-plugin:0.8.7:prepare-agent[m [1m(default)[m @ [36mHotel[0;1m ---[m
[[1;34mINFO[m] argLine set to -javaagent:/home/USER2022100821/.m2/repository/org/jacoco/org.jacoco.agent/0.8.7/org.jacoco.agent-0.8.7-runtime.jar=destfile=/home/USER2022100821/work/æµ‹è¯•gpt/target/jacoco.exec
[[1;34mINFO[m] 
[[1;34mINFO[m] [1m--- [0;32mmaven-resources-plugin:2.6:resources[m [1m(default-resources)[m @ [36mHotel[0;1m ---[m
[[1;33mWARNING[m] Using platform encoding (UTF-8 actually) to copy filtered resources, i.e. build is platform dependent!
[[1;34mINFO[m] skip non existing resourceDirectory /home/USER2022100821/work/æµ‹è¯•gpt/src/main/resources
[[1;34mINFO[m] 
[[1;34mINFO[m] [1m--- [0;32mmaven-compiler-plugin:3.6.0:compile[m [1m(default-compile)[m @ [36mHotel[0;1m ---[m
[[1;34mINFO[m] Changes detected - recompiling the module!
[[1;34mINFO[m] Compiling 10 source files to /home/USER2022100821/work/æµ‹è¯•gpt/target/classes
[[1;34mINFO[m] 
[[1;34mINFO[m] [1m--- [0;32mmaven-resources-plugin:2.6:testResources[m [1m(default-testResources)[m @ [36mHotel[0;1m ---[m
[[1;33mWARNING[m] Using platform encoding (UTF-8 actually) to copy filtered resources, i.e. build is platform dependent!
[[1;34mINFO[m] skip non existing resourceDirectory /home/USER2022100821/work/æµ‹è¯•gpt/src/test/resources
[[1;34mINFO[m] 
[[1;34mINFO[m] [1m--- [0;32mmaven-compiler-plugin:3.6.0:testCompile[m [1m(default-testCompile)[m @ [36mHotel[0;1m ---[m
[[1;34mINFO[m] Changes detected - recompiling the module!
[[1;34mINFO[m] Compiling 10 source files to /home/USER2022100821/work/æµ‹è¯•gpt/target/test-classes
[[1;34mINFO[m] 
[[1;34mINFO[m] [1m--- [0;32mmaven-surefire-plugin:2.12.4:test[m [1m(default-test)[m @ [36mHotel[0;1m ---[m
[[1;34mINFO[m] Surefire report directory: /home/USER2022100821/work/æµ‹è¯•gpt/target/surefire-reports

-------------------------------------------------------
 T E S T S
-------------------------------------------------------
Running net.mooctest.UserTest
Tests run: 2, Failures: 0, Errors: 0, Skipped: 0, Time elapsed: 0.045 sec
Running net.mooctest.InventoryTest
Tests run: 4, Failures: 0, Errors: 0, Skipped: 0, Time elapsed: 0 sec
Running net.mooctest.BookTest
Tests run: 2, Failures: 0, Errors: 0, Skipped: 0, Time elapsed: 0 sec
Running net.mooctest.BankAccountTest
Tests run: 12, Failures: 0, Errors: 0, Skipped: 0, Time elapsed: 0.003 sec
Running net.mooctest.OrderTest
Tests run: 6, Failures: 0, Errors: 0, Skipped: 0, Time elapsed: 0.003 sec
Running net.mooctest.ProductTest
Tests run: 4, Failures: 0, Errors: 0, Skipped: 0, Time elapsed: 0.001 sec
Running net.mooctest.StudentTest
Tests run: 2, Failures: 0, Errors: 0, Skipped: 0, Time elapsed: 0.002 sec
Running net.mooctest.TaskManagerTest
Tests run: 3, Failures: 0, Errors: 0, Skipped: 0, Time elapsed: 0.002 sec
Running net.mooctest.EmployeeTest
Tests run: 4, Failures: 0, Errors: 0, Skipped: 0, Time elapsed: 0.002 sec
Running net.mooctest.LibraryTest
Tests run: 2, Failures: 0, Errors: 0, Skipped: 0, Time elapsed: 0.002 sec

Results :

Tests run: 41, Failures: 0, Errors: 0, Skipped: 0

[[1;34mINFO[m] 
[[1;34mINFO[m] [1m--- [0;32mjacoco-maven-plugin:0.8.7:report[m [1m(report)[m @ [36mHotel[0;1m ---[m
[[1;34mINFO[m] Loading execution data file /home/USER2022100821/work/æµ‹è¯•gpt/target/jacoco.exec
[[1;34mINFO[m] Analyzed bundle 'Hotel' with 10 classes
[[1;34mINFO[m] [1m------------------------------------------------------------------------[m
[[1;34mINFO[m] [1;32mBUILD SUCCESS[m
[[1;34mINFO[m] [1m------------------------------------------------------------------------[m
[[1;34mINFO[m] Total time:  1.614 s
[[1;34mINFO[m] Finished at: 2024-12-07T10:14:41+08:00
[[1;34mINFO[m] [1m------------------------------------------------------------------------[m
Creating directory reports/20241207101439
Copying Jacoco report to reports/20241207101439/jacoco
Running PIT mutation tests
[[1;34mINFO[m] Scanning for projects...
[[1;34mINFO[m] 
[[1;34mINFO[m] [1m-------------------------< [0;36mnet.mooctest:Hotel[0;1m >-------------------------[m
[[1;34mINFO[m] [1mBuilding Hotel 0.0.1-SNAPSHOT[m
[[1;34mINFO[m] [1m--------------------------------[ jar ]---------------------------------[m
[[1;34mINFO[m] 
[[1;34mINFO[m] [1m--- [0;32mpitest-maven:1.1.10:mutationCoverage[m [1m(default-cli)[m @ [36mHotel[0;1m ---[m
[[1;34mINFO[m] Found plugin : Default csv report plugin
[[1;34mINFO[m] Found plugin : Default xml report plugin
[[1;34mINFO[m] Found plugin : Default html report plugin
[[1;34mINFO[m] Found plugin : Default limit mutations plugin
[[1;34mINFO[m] Found plugin : Kotlin junk mutations filter
[[1;34mINFO[m] Found shared classpath plugin : Default mutation engine
[[1;34mINFO[m] Adding org.pitest:pitest to SUT classpath
[[1;34mINFO[m] Mutating from /home/USER2022100821/work/æµ‹è¯•gpt/target/classes
/-\|/-\|/-\|/-\|/-\|/-\|/-\|/-\|/-\|/-\|//-\|/-\|/-================================================================================
- Timings
================================================================================
> scan classpath : < 1 second
> coverage and dependency analysis : < 1 second
> build mutation tests : < 1 second
> run mutation analysis : 3 seconds
--------------------------------------------------------------------------------
> Total  : 3 seconds
--------------------------------------------------------------------------------
================================================================================
- Statistics
================================================================================
>> Generated 112 mutations Killed 79 (71%)
>> Ran 118 tests (1.05 tests per mutation)
================================================================================
- Mutators
================================================================================
> org.pitest.mutationtest.engine.gregor.mutators.ConditionalsBoundaryMutator
>> Generated 15 Killed 0 (0%)
> KILLED 0 SURVIVED 15 TIMED_OUT 0 NON_VIABLE 0 
> MEMORY_ERROR 0 NOT_STARTED 0 STARTED 0 RUN_ERROR 0 
> NO_COVERAGE 0 
--------------------------------------------------------------------------------
> org.pitest.mutationtest.engine.gregor.mutators.VoidMethodCallMutator
>> Generated 2 Killed 2 (100%)
> KILLED 2 SURVIVED 0 TIMED_OUT 0 NON_VIABLE 0 
> MEMORY_ERROR 0 NOT_STARTED 0 STARTED 0 RUN_ERROR 0 
> NO_COVERAGE 0 
--------------------------------------------------------------------------------
> org.pitest.mutationtest.engine.gregor.mutators.ReturnValsMutator
>> Generated 42 Killed 24 (57%)
> KILLED 24 SURVIVED 0 TIMED_OUT 0 NON_VIABLE 0 
> MEMORY_ERROR 0 NOT_STARTED 0 STARTED 0 RUN_ERROR 0 
> NO_COVERAGE 18 
--------------------------------------------------------------------------------
> org.pitest.mutationtest.engine.gregor.mutators.MathMutator
>> Generated 13 Killed 13 (100%)
> KILLED 13 SURVIVED 0 TIMED_OUT 0 NON_VIABLE 0 
> MEMORY_ERROR 0 NOT_STARTED 0 STARTED 0 RUN_ERROR 0 
> NO_COVERAGE 0 
--------------------------------------------------------------------------------
> org.pitest.mutationtest.engine.gregor.mutators.NegateConditionalsMutator
>> Generated 40 Killed 40 (100%)
> KILLED 40 SURVIVED 0 TIMED_OUT 0 NON_VIABLE 0 
> MEMORY_ERROR 0 NOT_STARTED 0 STARTED 0 RUN_ERROR 0 
> NO_COVERAGE 0 
--------------------------------------------------------------------------------
[[1;34mINFO[m] [1m------------------------------------------------------------------------[m
[[1;34mINFO[m] [1;32mBUILD SUCCESS[m
[[1;34mINFO[m] [1m------------------------------------------------------------------------[m
[[1;34mINFO[m] Total time:  4.677 s
[[1;34mINFO[m] Finished at: 2024-12-07T10:14:47+08:00
[[1;34mINFO[m] [1m------------------------------------------------------------------------[m
Copying PIT report to reports/20241207101439/pitest
Copying test code to reports/20241207101439/test-code
Coverage, mutation reports, and test code saved to reports/20241207101439
10:14:43 AM PIT >> INFO : Verbose logging is disabled. If you encounter an problem please enable it before reporting an issue.
10:14:43 AM PIT >> INFO : Sending 10 test classes to minion
10:14:43 AM PIT >> INFO : Sent tests to minion
10:14:43 AM PIT >> INFO : MINION : 10:14:43 AM PIT >> INFO : Checking environment

10:14:43 AM PIT >> INFO : MINION : 10:14:43 AM PIT >> INFO : Found  41 tests

10:14:43 AM PIT >> INFO : MINION : 10:14:43 AM PIT >> INFO : Dependency analysis reduced number of potential tests by 0

10:14:43 AM PIT >> INFO : MINION : 10:14:43 AM PIT >> INFO : 41 tests received

10:14:43 AM PIT >> INFO : Calculated coverage in 0 seconds.
10:14:43 AM PIT >> INFO : Created  10 mutation test units
10:14:47 AM PIT >> INFO : Completed in 4 seconds
